[debug] [2024-02-04T15:12:58.606Z] ----------------------------------------------------------------------
[debug] [2024-02-04T15:12:58.608Z] Command:       D:\Programmi\nodejs\node.exe C:\Users\Pepo\AppData\Roaming\npm\node_modules\firebase-tools\lib\bin\firebase.js deploy
[debug] [2024-02-04T15:12:58.609Z] CLI Version:   13.1.0
[debug] [2024-02-04T15:12:58.609Z] Platform:      win32
[debug] [2024-02-04T15:12:58.609Z] Node Version:  v18.16.0
[debug] [2024-02-04T15:12:58.611Z] Time:          Sun Feb 04 2024 16:12:58 GMT+0100 (Ora standard dell’Europa centrale)
[debug] [2024-02-04T15:12:58.611Z] ----------------------------------------------------------------------
[debug] 
[debug] [2024-02-04T15:12:58.695Z] > command requires scopes: ["email","openid","https://www.googleapis.com/auth/cloudplatformprojects.readonly","https://www.googleapis.com/auth/firebase","https://www.googleapis.com/auth/cloud-platform"]
[debug] [2024-02-04T15:12:58.695Z] > authorizing via signed-in user (pietroviglino999@gmail.com)
[debug] [2024-02-04T15:12:58.695Z] [iam] checking project eat-ease-d4df4 for permissions ["firebase.projects.get","firebasedatabase.instances.update","firebasehosting.sites.update"]
[debug] [2024-02-04T15:12:58.698Z] >>> [apiv2][query] POST https://cloudresourcemanager.googleapis.com/v1/projects/eat-ease-d4df4:testIamPermissions [none]
[debug] [2024-02-04T15:12:58.698Z] >>> [apiv2][(partial)header] POST https://cloudresourcemanager.googleapis.com/v1/projects/eat-ease-d4df4:testIamPermissions x-goog-quota-user=projects/eat-ease-d4df4
[debug] [2024-02-04T15:12:58.698Z] >>> [apiv2][body] POST https://cloudresourcemanager.googleapis.com/v1/projects/eat-ease-d4df4:testIamPermissions {"permissions":["firebase.projects.get","firebasedatabase.instances.update","firebasehosting.sites.update"]}
[debug] [2024-02-04T15:12:59.771Z] <<< [apiv2][status] POST https://cloudresourcemanager.googleapis.com/v1/projects/eat-ease-d4df4:testIamPermissions 200
[debug] [2024-02-04T15:12:59.772Z] <<< [apiv2][body] POST https://cloudresourcemanager.googleapis.com/v1/projects/eat-ease-d4df4:testIamPermissions {"permissions":["firebase.projects.get","firebasedatabase.instances.update","firebasehosting.sites.update"]}
[debug] [2024-02-04T15:12:59.773Z] >>> [apiv2][query] GET https://firebase.googleapis.com/v1beta1/projects/eat-ease-d4df4 [none]
[debug] [2024-02-04T15:13:00.242Z] <<< [apiv2][status] GET https://firebase.googleapis.com/v1beta1/projects/eat-ease-d4df4 200
[debug] [2024-02-04T15:13:00.242Z] <<< [apiv2][body] GET https://firebase.googleapis.com/v1beta1/projects/eat-ease-d4df4 {"projectId":"eat-ease-d4df4","projectNumber":"170297037833","displayName":"eat-ease","name":"projects/eat-ease-d4df4","resources":{"hostingSite":"eat-ease-d4df4","realtimeDatabaseInstance":"eat-ease-d4df4-default-rtdb"},"state":"ACTIVE","etag":"1_c2702ebb-c9b3-4952-be10-c29092c67b3e"}
[debug] [2024-02-04T15:13:00.243Z] >>> [apiv2][query] GET https://firebase.googleapis.com/v1beta1/projects/eat-ease-d4df4 [none]
[debug] [2024-02-04T15:13:00.638Z] <<< [apiv2][status] GET https://firebase.googleapis.com/v1beta1/projects/eat-ease-d4df4 200
[debug] [2024-02-04T15:13:00.638Z] <<< [apiv2][body] GET https://firebase.googleapis.com/v1beta1/projects/eat-ease-d4df4 {"projectId":"eat-ease-d4df4","projectNumber":"170297037833","displayName":"eat-ease","name":"projects/eat-ease-d4df4","resources":{"hostingSite":"eat-ease-d4df4","realtimeDatabaseInstance":"eat-ease-d4df4-default-rtdb"},"state":"ACTIVE","etag":"1_c2702ebb-c9b3-4952-be10-c29092c67b3e"}
[info] 
[info] === Deploying to 'eat-ease-d4df4'...
[info] 
[info] i  deploying database, hosting 
[info] i  database: checking rules syntax... 
[debug] [2024-02-04T15:13:00.646Z] >>> [apiv2][query] GET https://firebasedatabase.googleapis.com/v1beta/projects/eat-ease-d4df4/locations/-/instances/eat-ease-d4df4-default-rtdb [none]
[debug] [2024-02-04T15:13:01.715Z] <<< [apiv2][status] GET https://firebasedatabase.googleapis.com/v1beta/projects/eat-ease-d4df4/locations/-/instances/eat-ease-d4df4-default-rtdb 200
[debug] [2024-02-04T15:13:01.715Z] <<< [apiv2][body] GET https://firebasedatabase.googleapis.com/v1beta/projects/eat-ease-d4df4/locations/-/instances/eat-ease-d4df4-default-rtdb {"name":"projects/170297037833/locations/europe-west1/instances/eat-ease-d4df4-default-rtdb","project":"projects/170297037833","databaseUrl":"https://eat-ease-d4df4-default-rtdb.europe-west1.firebasedatabase.app","type":"DEFAULT_DATABASE","state":"ACTIVE"}
[debug] [2024-02-04T15:13:01.717Z] >>> [apiv2][query] PUT https://eat-ease-d4df4-default-rtdb.europe-west1.firebasedatabase.app/.settings/rules.json dryRun=true
[debug] [2024-02-04T15:13:01.717Z] >>> [apiv2][body] PUT https://eat-ease-d4df4-default-rtdb.europe-west1.firebasedatabase.app/.settings/rules.json "{\n  /* Visit https://firebase.google.com/docs/database/security to learn more about security rules. */\n  \"rules\": {\n    \".read\": false,\n    \".write\": false\n  }\n}"
[debug] [2024-02-04T15:13:02.036Z] <<< [apiv2][status] PUT https://eat-ease-d4df4-default-rtdb.europe-west1.firebasedatabase.app/.settings/rules.json 200
[debug] [2024-02-04T15:13:02.036Z] <<< [apiv2][body] PUT https://eat-ease-d4df4-default-rtdb.europe-west1.firebasedatabase.app/.settings/rules.json {"status":"ok"}
[info] +  database: rules syntax for database eat-ease-d4df4-default-rtdb is valid 
[debug] [2024-02-04T15:13:02.042Z] >>> [apiv2][query] POST https://firebasehosting.googleapis.com/v1beta1/projects/-/sites/eat-ease-d4df4/versions [none]
[debug] [2024-02-04T15:13:02.042Z] >>> [apiv2][body] POST https://firebasehosting.googleapis.com/v1beta1/projects/-/sites/eat-ease-d4df4/versions {"status":"CREATED","labels":{"deployment-tool":"cli-firebase"}}
[debug] [2024-02-04T15:13:03.948Z] <<< [apiv2][status] POST https://firebasehosting.googleapis.com/v1beta1/projects/-/sites/eat-ease-d4df4/versions 200
[debug] [2024-02-04T15:13:03.948Z] <<< [apiv2][body] POST https://firebasehosting.googleapis.com/v1beta1/projects/-/sites/eat-ease-d4df4/versions {"name":"projects/170297037833/sites/eat-ease-d4df4/versions/b16fe7bc996a2372","status":"CREATED","config":{},"labels":{"deployment-tool":"cli-firebase"}}
[info] i  hosting[eat-ease-d4df4]: beginning deploy... 
[info] i  hosting[eat-ease-d4df4]: found 6 files in public 
[debug] [2024-02-04T15:13:03.960Z] [hosting] uploading with 200 concurrency
[debug] [2024-02-04T15:13:03.972Z] [hosting] hash cache [cHVibGlj] stored for 6 files
[debug] [2024-02-04T15:13:03.972Z] [hosting][hash queue][FINAL] {"max":6,"min":0,"avg":1.8333333333333333,"active":0,"complete":6,"success":6,"errored":0,"retried":0,"total":6,"elapsed":9}
[debug] [2024-02-04T15:13:03.973Z] >>> [apiv2][query] POST https://firebasehosting.googleapis.com/v1beta1/projects/170297037833/sites/eat-ease-d4df4/versions/b16fe7bc996a2372:populateFiles [none]
[debug] [2024-02-04T15:13:03.973Z] >>> [apiv2][body] POST https://firebasehosting.googleapis.com/v1beta1/projects/170297037833/sites/eat-ease-d4df4/versions/b16fe7bc996a2372:populateFiles {"files":{"/404.html":"daa499dd96d8229e73235345702ba32f0793f0c8e5c0d30e40e37a5872be57aa","/main.js":"a6ddf493ff7c753ffee7733de55baa17ed713776e5377c1925fbc4bfe1fdcea2","/style.css":"26c59c7612fa6235669e4f2d4ba83b2799faa7e5dd4324dcdba05c65010892fc","/assets/cloud3.png":"7b12d630226c8145f881ada64c9e109b4f31707db96ce3927ca4cecac28c6b04","/mobile.css":"63ea94afb138e510e2b3f133670ec2507c9192bea8b67df3b89c08d404d90345","/index.html":"094991bf9db260affb2f184f5a761d4f8f3b12862b0e9d72bb5f7fc51aa74498"}}
[debug] [2024-02-04T15:13:05.255Z] <<< [apiv2][status] POST https://firebasehosting.googleapis.com/v1beta1/projects/170297037833/sites/eat-ease-d4df4/versions/b16fe7bc996a2372:populateFiles 200
[debug] [2024-02-04T15:13:05.256Z] <<< [apiv2][body] POST https://firebasehosting.googleapis.com/v1beta1/projects/170297037833/sites/eat-ease-d4df4/versions/b16fe7bc996a2372:populateFiles {"uploadRequiredHashes":["63ea94afb138e510e2b3f133670ec2507c9192bea8b67df3b89c08d404d90345"],"uploadUrl":"https://upload-firebasehosting.googleapis.com/upload/sites/eat-ease-d4df4/versions/b16fe7bc996a2372/files"}
[debug] [2024-02-04T15:13:05.256Z] >>> [apiv2][query] POST https://upload-firebasehosting.googleapis.com/upload/sites/eat-ease-d4df4/versions/b16fe7bc996a2372/files/63ea94afb138e510e2b3f133670ec2507c9192bea8b67df3b89c08d404d90345 [none]
[debug] [2024-02-04T15:13:05.256Z] >>> [apiv2][body] POST https://upload-firebasehosting.googleapis.com/upload/sites/eat-ease-d4df4/versions/b16fe7bc996a2372/files/63ea94afb138e510e2b3f133670ec2507c9192bea8b67df3b89c08d404d90345 [stream]
[debug] [2024-02-04T15:13:05.258Z] [hosting][populate queue][FINAL] {"max":1286,"min":1286,"avg":1286,"active":0,"complete":1,"success":1,"errored":0,"retried":0,"total":1,"elapsed":1288}
[debug] [2024-02-04T15:13:05.258Z] [hosting] uploads queued: 1
